<?xml version="1.0" encoding="UTF-8"?>
<!-- Generated by org.testng.reporters.JUnitReportReporter -->
<testsuite skipped="0" hostname="vishal" name="testsuite.AddToCart" tests="1" failures="0" timestamp="2020-06-17T13:42:16 IST" time="28.277" errors="0">
  <testcase name="addToCartScenario" time="28.277" classname="testsuite.AddToCart"/>
  <system-out/>
</testsuite> <!-- testsuite.AddToCart -->
