<?xml version="1.0" encoding="UTF-8"?>
<!-- Generated by org.testng.reporters.JUnitReportReporter -->
<testsuite skipped="0" hostname="vishal" name="testsuite.HomePage" tests="1" failures="0" timestamp="2020-06-17T13:24:53 IST" time="25.230" errors="0">
  <testcase name="addToCartScenario" time="25.230" classname="testsuite.HomePage"/>
  <system-out/>
</testsuite> <!-- testsuite.HomePage -->
